0 verbose cli C:\Program Files\nodejs\node.exe C:\Program Files\nodejs\node_modules\npm\bin\npm-cli.js
1 info using npm@10.2.4
2 info using node@v21.6.2
3 timing npm:load:whichnode Completed in 3ms
4 timing config:load:defaults Completed in 3ms
5 timing config:load:file:C:\Program Files\nodejs\node_modules\npm\npmrc Completed in 6ms
6 timing config:load:builtin Completed in 6ms
7 timing config:load:cli Completed in 2ms
8 timing config:load:env Completed in 0ms
9 timing config:load:project Completed in 2ms
10 timing config:load:file:C:\Users\daadh\.npmrc Completed in 1ms
11 timing config:load:user Completed in 1ms
12 timing config:load:file:C:\Users\daadh\AppData\Roaming\npm\etc\npmrc Completed in 2ms
13 timing config:load:global Completed in 2ms
14 timing config:load:setEnvs Completed in 1ms
15 timing config:load Completed in 18ms
16 timing npm:load:configload Completed in 18ms
17 timing config:load:flatten Completed in 2ms
18 timing npm:load:mkdirpcache Completed in 1ms
19 timing npm:load:mkdirplogs Completed in 1ms
20 verbose title npm start
21 verbose argv "start"
22 timing npm:load:setTitle Completed in 1ms
23 timing npm:load:display Completed in 1ms
24 verbose logfile logs-max:10 dir:C:\Users\daadh\booki\Users\daadh\AppData\Roaming\npm-cache\_logs\2025-03-16T20_13_45_767Z-
25 verbose logfile C:\Users\daadh\booki\Users\daadh\AppData\Roaming\npm-cache\_logs\2025-03-16T20_13_45_767Z-debug-0.log
26 timing npm:load:logFile Completed in 11ms
27 timing npm:load:timers Completed in 0ms
28 timing npm:load:configScope Completed in 0ms
29 timing npm:load Completed in 68ms
30 silly logfile done cleaning log files
31 timing command:run-script Completed in 450ms
32 timing command:start Completed in 479ms
33 verbose stack Error: Missing script: "start"
33 verbose stack
33 verbose stack Did you mean one of these?
33 verbose stack     npm star # Mark your favorite packages
33 verbose stack     npm stars # View packages marked as favorites
33 verbose stack
33 verbose stack To see a list of scripts, run:
33 verbose stack   npm run
33 verbose stack     at RunScript.run (C:\Program Files\nodejs\node_modules\npm\lib\commands\run-script.js:94:13)
33 verbose stack     at async module.exports (C:\Program Files\nodejs\node_modules\npm\lib\cli-entry.js:61:5)
34 verbose cwd C:\Users\daadh\booki
35 verbose Windows_NT 10.0.22631
36 verbose node v21.6.2
37 verbose npm  v10.2.4
38 error Missing script: "start"
38 error
38 error Did you mean one of these?
38 error     npm star # Mark your favorite packages
38 error     npm stars # View packages marked as favorites
38 error
38 error To see a list of scripts, run:
38 error   npm run
39 verbose exit 1
40 timing npm Completed in 652ms
41 verbose code 1
42 error A complete log of this run can be found in: C:\Users\daadh\booki\Users\daadh\AppData\Roaming\npm-cache\_logs\2025-03-16T20_13_45_767Z-debug-0.log
