0 verbose cli C:\Program Files\nodejs\node.exe C:\Program Files\nodejs\node_modules\npm\bin\npm-cli.js
1 info using npm@10.2.4
2 info using node@v21.6.2
3 timing npm:load:whichnode Completed in 3ms
4 timing config:load:defaults Completed in 2ms
5 timing config:load:file:C:\Program Files\nodejs\node_modules\npm\npmrc Completed in 4ms
6 timing config:load:builtin Completed in 4ms
7 timing config:load:cli Completed in 2ms
8 timing config:load:env Completed in 0ms
9 timing config:load:file:C:\Users\daadh\booki\backend\.npmrc Completed in 1ms
10 timing config:load:project Completed in 5ms
11 timing config:load:file:C:\Users\daadh\.npmrc Completed in 0ms
12 timing config:load:user Completed in 0ms
13 timing config:load:file:C:\Users\daadh\AppData\Roaming\npm\etc\npmrc Completed in 1ms
14 timing config:load:global Completed in 1ms
15 timing config:load:setEnvs Completed in 0ms
16 timing config:load Completed in 15ms
17 timing npm:load:configload Completed in 15ms
18 timing config:load:flatten Completed in 2ms
19 timing npm:load:mkdirpcache Completed in 1ms
20 timing npm:load:mkdirplogs Completed in 1ms
21 verbose title npm start
22 verbose argv "start"
23 timing npm:load:setTitle Completed in 1ms
24 timing npm:load:display Completed in 0ms
25 verbose logfile logs-max:10 dir:C:\Users\daadh\booki\backend\Users\daadh\AppData\Roaming\npm-cache\_logs\2025-03-17T00_17_02_263Z-
26 verbose logfile C:\Users\daadh\booki\backend\Users\daadh\AppData\Roaming\npm-cache\_logs\2025-03-17T00_17_02_263Z-debug-0.log
27 timing npm:load:logFile Completed in 11ms
28 timing npm:load:timers Completed in 0ms
29 timing npm:load:configScope Completed in 0ms
30 timing npm:load Completed in 61ms
31 silly logfile done cleaning log files
32 timing command:run-script Completed in 19ms
33 timing command:start Completed in 48ms
34 verbose stack Error: Missing script: "start"
34 verbose stack
34 verbose stack Did you mean one of these?
34 verbose stack     npm star # Mark your favorite packages
34 verbose stack     npm stars # View packages marked as favorites
34 verbose stack
34 verbose stack To see a list of scripts, run:
34 verbose stack   npm run
34 verbose stack     at RunScript.run (C:\Program Files\nodejs\node_modules\npm\lib\commands\run-script.js:94:13)
34 verbose stack     at async module.exports (C:\Program Files\nodejs\node_modules\npm\lib\cli-entry.js:61:5)
35 verbose cwd C:\Users\daadh\booki\backend
36 verbose Windows_NT 10.0.22631
37 verbose node v21.6.2
38 verbose npm  v10.2.4
39 error Missing script: "start"
39 error
39 error Did you mean one of these?
39 error     npm star # Mark your favorite packages
39 error     npm stars # View packages marked as favorites
39 error
39 error To see a list of scripts, run:
39 error   npm run
40 verbose exit 1
41 timing npm Completed in 242ms
42 verbose code 1
43 error A complete log of this run can be found in: C:\Users\daadh\booki\backend\Users\daadh\AppData\Roaming\npm-cache\_logs\2025-03-17T00_17_02_263Z-debug-0.log
