0 verbose cli C:\Program Files\nodejs\node.exe C:\Program Files\nodejs\node_modules\npm\bin\npm-cli.js
1 info using npm@10.2.4
2 info using node@v21.6.2
3 timing npm:load:whichnode Completed in 2ms
4 timing config:load:defaults Completed in 2ms
5 timing config:load:file:C:\Program Files\nodejs\node_modules\npm\npmrc Completed in 5ms
6 timing config:load:builtin Completed in 5ms
7 timing config:load:cli Completed in 2ms
8 timing config:load:env Completed in 0ms
9 timing config:load:file:C:\Users\daadh\booki\backend\.npmrc Completed in 0ms
10 timing config:load:project Completed in 4ms
11 timing config:load:file:C:\Users\daadh\.npmrc Completed in 1ms
12 timing config:load:user Completed in 1ms
13 timing config:load:file:C:\Users\daadh\AppData\Roaming\npm\etc\npmrc Completed in 2ms
14 timing config:load:global Completed in 2ms
15 timing config:load:setEnvs Completed in 1ms
16 timing config:load Completed in 18ms
17 timing npm:load:configload Completed in 19ms
18 timing config:load:flatten Completed in 3ms
19 timing npm:load:mkdirpcache Completed in 1ms
20 timing npm:load:mkdirplogs Completed in 1ms
21 verbose title npm install express cors dotenv
22 verbose argv "install" "express" "cors" "dotenv"
23 timing npm:load:setTitle Completed in 1ms
24 timing npm:load:display Completed in 1ms
25 verbose logfile logs-max:10 dir:C:\Users\daadh\booki\backend\Users\daadh\AppData\Roaming\npm-cache\_logs\2025-03-16T23_42_59_541Z-
26 verbose logfile C:\Users\daadh\booki\backend\Users\daadh\AppData\Roaming\npm-cache\_logs\2025-03-16T23_42_59_541Z-debug-0.log
27 timing npm:load:logFile Completed in 12ms
28 timing npm:load:timers Completed in 1ms
29 timing npm:load:configScope Completed in 0ms
30 timing npm:load Completed in 87ms
31 timing arborist:ctor Completed in 1ms
32 silly logfile done cleaning log files
33 timing idealTree:init Completed in 67ms
34 timing idealTree:userRequests Completed in 2ms
35 silly idealTree buildDeps
36 silly fetch manifest cors@^2.8.5
37 timing arborist:ctor Completed in 0ms
38 http fetch GET 200 https://registry.npmjs.org/cors 321ms (cache miss)
39 silly fetch manifest dotenv@^16.4.7
40 http fetch GET 200 https://registry.npmjs.org/npm 537ms (cache miss)
41 http fetch GET 200 https://registry.npmjs.org/dotenv 119ms (cache miss)
42 silly fetch manifest express@^4.21.2
43 http fetch GET 200 https://registry.npmjs.org/express 197ms (cache miss)
44 silly placeDep ROOT cors@2.8.5 REPLACE for: backend@1.0.0 want: ^2.8.5
45 silly placeDep ROOT dotenv@16.4.7 REPLACE for: backend@1.0.0 want: ^16.4.7
46 silly placeDep ROOT express@4.21.2 REPLACE for: backend@1.0.0 want: ^4.21.2
47 timing idealTree:#root Completed in 683ms
48 timing idealTree:node_modules/cors Completed in 0ms
49 timing idealTree:node_modules/dotenv Completed in 0ms
50 timing idealTree:node_modules/express Completed in 0ms
51 timing idealTree:buildDeps Completed in 686ms
52 timing idealTree:fixDepFlags Completed in 3ms
53 timing idealTree Completed in 764ms
54 timing reify:loadTrees Completed in 766ms
55 timing reify:diffTrees Completed in 15ms
56 silly reify moves {}
57 timing reify:retireShallow Completed in 2ms
58 timing reify:createSparse Completed in 13ms
59 timing reify:loadBundles Completed in 0ms
60 silly audit bulk request {
60 silly audit   '@google/generative-ai': [ '0.24.0' ],
60 silly audit   accepts: [ '1.3.8' ],
60 silly audit   anymatch: [ '3.1.3' ],
60 silly audit   'array-flatten': [ '1.1.1' ],
60 silly audit   'aws-ssl-profiles': [ '1.1.2' ],
60 silly audit   'balanced-match': [ '1.0.2' ],
60 silly audit   bcryptjs: [ '3.0.2' ],
60 silly audit   'binary-extensions': [ '2.3.0' ],
60 silly audit   'body-parser': [ '1.20.3' ],
60 silly audit   'brace-expansion': [ '1.1.11' ],
60 silly audit   braces: [ '3.0.3' ],
60 silly audit   'buffer-equal-constant-time': [ '1.0.1' ],
60 silly audit   bytes: [ '3.1.2' ],
60 silly audit   'call-bind-apply-helpers': [ '1.0.2' ],
60 silly audit   'call-bound': [ '1.0.3' ],
60 silly audit   chokidar: [ '3.6.0' ],
60 silly audit   'concat-map': [ '0.0.1' ],
60 silly audit   'content-disposition': [ '0.5.4' ],
60 silly audit   'content-type': [ '1.0.5' ],
60 silly audit   cookie: [ '0.7.1' ],
60 silly audit   'cookie-signature': [ '1.0.6' ],
60 silly audit   debug: [ '2.6.9', '4.4.0' ],
60 silly audit   denque: [ '2.1.0' ],
60 silly audit   depd: [ '2.0.0' ],
60 silly audit   destroy: [ '1.2.0' ],
60 silly audit   'dunder-proto': [ '1.0.1' ],
60 silly audit   'ecdsa-sig-formatter': [ '1.0.11' ],
60 silly audit   'ee-first': [ '1.1.1' ],
60 silly audit   encodeurl: [ '2.0.0', '1.0.2' ],
60 silly audit   'es-define-property': [ '1.0.1' ],
60 silly audit   'es-errors': [ '1.3.0' ],
60 silly audit   'es-object-atoms': [ '1.1.1' ],
60 silly audit   'escape-html': [ '1.0.3' ],
60 silly audit   etag: [ '1.8.1' ],
60 silly audit   'fill-range': [ '7.1.1' ],
60 silly audit   finalhandler: [ '1.3.1' ],
60 silly audit   forwarded: [ '0.2.0' ],
60 silly audit   fresh: [ '0.5.2' ],
60 silly audit   fsevents: [ '2.3.3' ],
60 silly audit   'function-bind': [ '1.1.2' ],
60 silly audit   'generate-function': [ '2.3.1' ],
60 silly audit   'get-intrinsic': [ '1.3.0' ],
60 silly audit   'get-proto': [ '1.0.1' ],
60 silly audit   'glob-parent': [ '5.1.2' ],
60 silly audit   gopd: [ '1.2.0' ],
60 silly audit   'has-flag': [ '3.0.0' ],
60 silly audit   'has-symbols': [ '1.1.0' ],
60 silly audit   hasown: [ '2.0.2' ],
60 silly audit   'http-errors': [ '2.0.0' ],
60 silly audit   'iconv-lite': [ '0.4.24', '0.6.3' ],
60 silly audit   'ignore-by-default': [ '1.0.1' ],
60 silly audit   inherits: [ '2.0.4' ],
60 silly audit   'ipaddr.js': [ '1.9.1' ],
60 silly audit   'is-binary-path': [ '2.1.0' ],
60 silly audit   'is-extglob': [ '2.1.1' ],
60 silly audit   'is-glob': [ '4.0.3' ],
60 silly audit   'is-number': [ '7.0.0' ],
60 silly audit   'is-property': [ '1.0.2' ],
60 silly audit   jsonwebtoken: [ '9.0.2' ],
60 silly audit   ms: [ '2.1.3', '2.0.0' ],
60 silly audit   jwa: [ '1.4.1' ],
60 silly audit   jws: [ '3.2.2' ],
60 silly audit   'lodash.includes': [ '4.3.0' ],
60 silly audit   'lodash.isboolean': [ '3.0.3' ],
60 silly audit   'lodash.isinteger': [ '4.0.4' ],
60 silly audit   'lodash.isnumber': [ '3.0.3' ],
60 silly audit   'lodash.isplainobject': [ '4.0.6' ],
60 silly audit   'lodash.isstring': [ '4.0.1' ],
60 silly audit   'lodash.once': [ '4.1.1' ],
60 silly audit   long: [ '5.3.1' ],
60 silly audit   'lru-cache': [ '7.18.3' ],
60 silly audit   'lru.min': [ '1.1.1' ],
60 silly audit   'math-intrinsics': [ '1.1.0' ],
60 silly audit   'media-typer': [ '0.3.0' ],
60 silly audit   'merge-descriptors': [ '1.0.3' ],
60 silly audit   methods: [ '1.1.2' ],
60 silly audit   mime: [ '1.6.0' ],
60 silly audit   'mime-db': [ '1.52.0' ],
60 silly audit   'mime-types': [ '2.1.35' ],
60 silly audit   minimatch: [ '3.1.2' ],
60 silly audit   mysql2: [ '3.12.0' ],
60 silly audit   'named-placeholders': [ '1.1.3' ],
60 silly audit   negotiator: [ '0.6.3' ],
60 silly audit   nodemon: [ '3.1.9' ],
60 silly audit   'normalize-path': [ '3.0.0' ],
60 silly audit   'object-assign': [ '4.1.1' ],
60 silly audit   'object-inspect': [ '1.13.4' ],
60 silly audit   'on-finished': [ '2.4.1' ],
60 silly audit   parseurl: [ '1.3.3' ],
60 silly audit   'path-to-regexp': [ '0.1.12' ],
60 silly audit   picomatch: [ '2.3.1' ],
60 silly audit   'proxy-addr': [ '2.0.7' ],
60 silly audit   'pstree.remy': [ '1.1.8' ],
60 silly audit   qs: [ '6.13.0' ],
60 silly audit   'range-parser': [ '1.2.1' ],
60 silly audit   'raw-body': [ '2.5.2' ],
60 silly audit   readdirp: [ '3.6.0' ],
60 silly audit   'safe-buffer': [ '5.2.1' ],
60 silly audit   'safer-buffer': [ '2.1.2' ],
60 silly audit   semver: [ '7.7.1' ],
60 silly audit   send: [ '0.19.0' ],
60 silly audit   'seq-queue': [ '0.0.5' ],
60 silly audit   'serve-static': [ '1.16.2' ],
60 silly audit   setprototypeof: [ '1.2.0' ],
60 silly audit   'side-channel': [ '1.1.0' ],
60 silly audit   'side-channel-list': [ '1.0.0' ],
60 silly audit   'side-channel-map': [ '1.0.1' ],
60 silly audit   'side-channel-weakmap': [ '1.0.2' ],
60 silly audit   'simple-update-notifier': [ '2.0.0' ],
60 silly audit   sqlstring: [ '2.3.3' ],
60 silly audit   statuses: [ '2.0.1' ],
60 silly audit   'supports-color': [ '5.5.0' ],
60 silly audit   'to-regex-range': [ '5.0.1' ],
60 silly audit   toidentifier: [ '1.0.1' ],
60 silly audit   touch: [ '3.1.1' ],
60 silly audit   'type-is': [ '1.6.18' ],
60 silly audit   undefsafe: [ '2.0.5' ],
60 silly audit   unpipe: [ '1.0.0' ],
60 silly audit   'utils-merge': [ '1.0.1' ],
60 silly audit   vary: [ '1.1.2' ],
60 silly audit   cors: [ '2.8.5' ],
60 silly audit   dotenv: [ '16.4.7' ],
60 silly audit   express: [ '4.21.2' ]
60 silly audit }
61 verbose reify failed optional dependency C:\Users\daadh\booki\backend\node_modules\fsevents
62 silly reify mark deleted [ 'C:\\Users\\daadh\\booki\\backend\\node_modules\\fsevents' ]
63 timing reifyNode:node_modules/fsevents Completed in 7ms
64 silly tarball no local data for lodash.once@https://registry.npmjs.org/lodash.once/-/lodash.once-4.1.1.tgz. Extracting by manifest.
65 silly tarball no local data for lodash.isinteger@https://registry.npmjs.org/lodash.isinteger/-/lodash.isinteger-4.0.4.tgz. Extracting by manifest.
66 silly tarball no local data for lodash.isnumber@https://registry.npmjs.org/lodash.isnumber/-/lodash.isnumber-3.0.3.tgz. Extracting by manifest.
67 silly tarball no local data for lodash.isstring@https://registry.npmjs.org/lodash.isstring/-/lodash.isstring-4.0.1.tgz. Extracting by manifest.
68 silly tarball no local data for lodash.isboolean@https://registry.npmjs.org/lodash.isboolean/-/lodash.isboolean-3.0.3.tgz. Extracting by manifest.
69 silly tarball no local data for lodash.isplainobject@https://registry.npmjs.org/lodash.isplainobject/-/lodash.isplainobject-4.0.6.tgz. Extracting by manifest.
70 silly tarball no local data for jws@https://registry.npmjs.org/jws/-/jws-3.2.2.tgz. Extracting by manifest.
71 silly tarball no local data for lodash.includes@https://registry.npmjs.org/lodash.includes/-/lodash.includes-4.3.0.tgz. Extracting by manifest.
72 silly tarball no local data for jsonwebtoken@https://registry.npmjs.org/jsonwebtoken/-/jsonwebtoken-9.0.2.tgz. Extracting by manifest.
73 silly tarball no local data for jwa@https://registry.npmjs.org/jwa/-/jwa-1.4.1.tgz. Extracting by manifest.
74 silly tarball no local data for bcryptjs@https://registry.npmjs.org/bcryptjs/-/bcryptjs-3.0.2.tgz. Extracting by manifest.
75 silly tarball no local data for ecdsa-sig-formatter@https://registry.npmjs.org/ecdsa-sig-formatter/-/ecdsa-sig-formatter-1.0.11.tgz. Extracting by manifest.
76 silly tarball no local data for buffer-equal-constant-time@https://registry.npmjs.org/buffer-equal-constant-time/-/buffer-equal-constant-time-1.0.1.tgz. Extracting by manifest.
77 silly tarball no local data for ms@https://registry.npmjs.org/ms/-/ms-2.1.3.tgz. Extracting by manifest.
78 http fetch GET 200 https://registry.npmjs.org/lodash.once/-/lodash.once-4.1.1.tgz 141ms (cache miss)
79 timing reifyNode:node_modules/lodash.once Completed in 169ms
80 http fetch POST 200 https://registry.npmjs.org/-/npm/v1/security/advisories/bulk 179ms
81 timing auditReport:getReport Completed in 185ms
82 silly audit report {}
83 timing auditReport:init Completed in 0ms
84 timing reify:audit Completed in 186ms
85 http fetch GET 200 https://registry.npmjs.org/lodash.isstring/-/lodash.isstring-4.0.1.tgz 364ms (cache miss)
86 timing reifyNode:node_modules/lodash.isstring Completed in 393ms
87 http fetch GET 200 https://registry.npmjs.org/lodash.isnumber/-/lodash.isnumber-3.0.3.tgz 539ms (cache miss)
88 timing reifyNode:node_modules/lodash.isnumber Completed in 568ms
89 http fetch GET 200 https://registry.npmjs.org/lodash.isinteger/-/lodash.isinteger-4.0.4.tgz 551ms (cache miss)
90 timing reifyNode:node_modules/lodash.isinteger Completed in 578ms
91 http fetch GET 200 https://registry.npmjs.org/lodash.isboolean/-/lodash.isboolean-3.0.3.tgz 559ms (cache miss)
92 timing reifyNode:node_modules/lodash.isboolean Completed in 588ms
93 http fetch GET 200 https://registry.npmjs.org/lodash.isplainobject/-/lodash.isplainobject-4.0.6.tgz 560ms (cache miss)
94 timing reifyNode:node_modules/lodash.isplainobject Completed in 590ms
95 http fetch GET 200 https://registry.npmjs.org/ms/-/ms-2.1.3.tgz 557ms (cache miss)
96 http fetch GET 200 https://registry.npmjs.org/jwa/-/jwa-1.4.1.tgz 569ms (cache miss)
97 timing reifyNode:node_modules/jwa Completed in 600ms
98 timing reifyNode:node_modules/jsonwebtoken/node_modules/ms Completed in 603ms
99 http fetch GET 200 https://registry.npmjs.org/buffer-equal-constant-time/-/buffer-equal-constant-time-1.0.1.tgz 569ms (cache miss)
100 http fetch GET 200 https://registry.npmjs.org/lodash.includes/-/lodash.includes-4.3.0.tgz 584ms (cache miss)
101 timing reifyNode:node_modules/lodash.includes Completed in 614ms
102 http fetch GET 200 https://registry.npmjs.org/ecdsa-sig-formatter/-/ecdsa-sig-formatter-1.0.11.tgz 576ms (cache miss)
103 timing reifyNode:node_modules/buffer-equal-constant-time Completed in 618ms
104 timing reifyNode:node_modules/ecdsa-sig-formatter Completed in 621ms
105 http fetch GET 200 https://registry.npmjs.org/jws/-/jws-3.2.2.tgz 599ms (cache miss)
106 timing reifyNode:node_modules/jws Completed in 633ms
107 http fetch GET 200 https://registry.npmjs.org/bcryptjs/-/bcryptjs-3.0.2.tgz 623ms (cache miss)
108 timing reifyNode:node_modules/bcryptjs Completed in 656ms
109 http fetch GET 200 https://registry.npmjs.org/jsonwebtoken/-/jsonwebtoken-9.0.2.tgz 628ms (cache miss)
110 timing reifyNode:node_modules/jsonwebtoken Completed in 659ms
111 timing reify:unpack Completed in 661ms
112 timing reify:unretire Completed in 1ms
113 timing build:queue Completed in 2ms
114 timing build:link:node_modules/bcryptjs Completed in 12ms
115 timing build:link Completed in 13ms
116 timing build:deps Completed in 16ms
117 timing build Completed in 16ms
118 timing reify:build Completed in 17ms
119 timing reify:trash Completed in 2ms
120 timing reify:save Completed in 94ms
121 timing reify Completed in 1730ms
122 silly ADD node_modules/lodash.once
123 silly ADD node_modules/lodash.isstring
124 silly ADD node_modules/lodash.isplainobject
125 silly ADD node_modules/lodash.isnumber
126 silly ADD node_modules/lodash.isinteger
127 silly ADD node_modules/lodash.isboolean
128 silly ADD node_modules/lodash.includes
129 silly ADD node_modules/jws
130 silly ADD node_modules/jwa
131 silly ADD node_modules/jsonwebtoken
132 silly ADD node_modules/jsonwebtoken/node_modules/ms
133 silly ADD
134 silly ADD node_modules/ecdsa-sig-formatter
135 silly ADD node_modules/buffer-equal-constant-time
136 silly ADD node_modules/bcryptjs
137 timing command:install Completed in 1751ms
138 notice
138 notice New [31mmajor[39m version of npm available! [31m10.2.4[39m -> [32m11.2.0[39m
138 notice Changelog: [36mhttps://github.com/npm/cli/releases/tag/v11.2.0[39m
138 notice Run [32mnpm install -g npm@11.2.0[39m to update!
138 notice
139 verbose exit 0
140 timing npm Completed in 2722ms
141 info ok
