0 verbose cli C:\Program Files\nodejs\node.exe C:\Program Files\nodejs\node_modules\npm\bin\npm-cli.js
1 info using npm@10.2.4
2 info using node@v21.6.2
3 timing npm:load:whichnode Completed in 4ms
4 timing config:load:defaults Completed in 3ms
5 timing config:load:file:C:\Program Files\nodejs\node_modules\npm\npmrc Completed in 6ms
6 timing config:load:builtin Completed in 6ms
7 timing config:load:cli Completed in 3ms
8 timing config:load:env Completed in 1ms
9 timing config:load:file:c:\Users\daadh\booki\frontend\.npmrc Completed in 0ms
10 timing config:load:project Completed in 9ms
11 timing config:load:file:C:\Users\daadh\.npmrc Completed in 0ms
12 timing config:load:user Completed in 0ms
13 timing config:load:file:C:\Users\daadh\AppData\Roaming\npm\etc\npmrc Completed in 2ms
14 timing config:load:global Completed in 3ms
15 timing config:load:setEnvs Completed in 2ms
16 timing config:load Completed in 27ms
17 timing npm:load:configload Completed in 27ms
18 timing config:load:flatten Completed in 6ms
19 timing npm:load:mkdirpcache Completed in 1ms
20 timing npm:load:mkdirplogs Completed in 1ms
21 verbose title npm view react-scripts description dist-tags.latest homepage version time
22 verbose argv "view" "--json" "--" "react-scripts" "description" "dist-tags.latest" "homepage" "version" "time"
23 timing npm:load:setTitle Completed in 3ms
24 timing npm:load:display Completed in 2ms
25 verbose logfile logs-max:10 dir:C:\Users\daadh\booki\frontend\Users\daadh\AppData\Roaming\npm-cache\_logs\2025-03-17T00_17_40_035Z-
26 verbose logfile C:\Users\daadh\booki\frontend\Users\daadh\AppData\Roaming\npm-cache\_logs\2025-03-17T00_17_40_035Z-debug-0.log
27 timing npm:load:logFile Completed in 26ms
28 timing npm:load:timers Completed in 0ms
29 timing npm:load:configScope Completed in 0ms
30 timing npm:load Completed in 129ms
31 silly logfile start cleaning logs, removing 1 files
32 silly logfile done cleaning log files
33 http fetch GET 200 https://registry.npmjs.org/react-scripts 368ms (cache updated)
34 timing command:view Completed in 398ms
35 verbose exit 0
36 timing npm Completed in 940ms
37 info ok
