0 verbose cli C:\Program Files\nodejs\node.exe C:\Program Files\nodejs\node_modules\npm\bin\npm-cli.js
1 info using npm@10.2.4
2 info using node@v21.6.2
3 timing npm:load:whichnode Completed in 3ms
4 timing config:load:defaults Completed in 2ms
5 timing config:load:file:C:\Program Files\nodejs\node_modules\npm\npmrc Completed in 6ms
6 timing config:load:builtin Completed in 7ms
7 timing config:load:cli Completed in 3ms
8 timing config:load:env Completed in 0ms
9 timing config:load:file:C:\Users\daadh\booki\frontend\.npmrc Completed in 1ms
10 timing config:load:project Completed in 8ms
11 timing config:load:file:C:\Users\daadh\.npmrc Completed in 1ms
12 timing config:load:user Completed in 1ms
13 timing config:load:file:C:\Users\daadh\AppData\Roaming\npm\etc\npmrc Completed in 2ms
14 timing config:load:global Completed in 2ms
15 timing config:load:setEnvs Completed in 2ms
16 timing config:load Completed in 26ms
17 timing npm:load:configload Completed in 27ms
18 timing config:load:flatten Completed in 2ms
19 timing npm:load:mkdirpcache Completed in 1ms
20 timing npm:load:mkdirplogs Completed in 0ms
21 verbose title npm start
22 verbose argv "start"
23 timing npm:load:setTitle Completed in 1ms
24 timing npm:load:display Completed in 0ms
25 verbose logfile logs-max:10 dir:C:\Users\daadh\booki\frontend\src\Users\daadh\AppData\Roaming\npm-cache\_logs\2025-03-16T23_36_17_399Z-
26 verbose logfile C:\Users\daadh\booki\frontend\src\Users\daadh\AppData\Roaming\npm-cache\_logs\2025-03-16T23_36_17_399Z-debug-0.log
27 timing npm:load:logFile Completed in 10ms
28 timing npm:load:timers Completed in 0ms
29 timing npm:load:configScope Completed in 0ms
30 timing npm:load Completed in 81ms
31 silly logfile done cleaning log files
32 timing command:run-script Completed in 33299ms
33 timing command:start Completed in 33310ms
34 verbose exit 0
35 timing npm Completed in 33499ms
36 info ok
