0 verbose cli C:\Program Files\nodejs\node.exe C:\Program Files\nodejs\node_modules\npm\bin\npm-cli.js
1 info using npm@10.2.4
2 info using node@v21.6.2
3 timing npm:load:whichnode Completed in 2ms
4 timing config:load:defaults Completed in 3ms
5 timing config:load:file:C:\Program Files\nodejs\node_modules\npm\npmrc Completed in 4ms
6 timing config:load:builtin Completed in 5ms
7 timing config:load:cli Completed in 1ms
8 timing config:load:env Completed in 0ms
9 timing config:load:file:C:\Users\daadh\booki\frontend\.npmrc Completed in 0ms
10 timing config:load:project Completed in 5ms
11 timing config:load:file:C:\Users\daadh\.npmrc Completed in 1ms
12 timing config:load:user Completed in 1ms
13 timing config:load:file:C:\Users\daadh\AppData\Roaming\npm\etc\npmrc Completed in 1ms
14 timing config:load:global Completed in 1ms
15 timing config:load:setEnvs Completed in 1ms
16 timing config:load Completed in 19ms
17 timing npm:load:configload Completed in 19ms
18 timing config:load:flatten Completed in 2ms
19 timing npm:load:mkdirpcache Completed in 0ms
20 timing npm:load:mkdirplogs Completed in 1ms
21 verbose title npm start
22 verbose argv "start"
23 timing npm:load:setTitle Completed in 1ms
24 timing npm:load:display Completed in 0ms
25 verbose logfile logs-max:10 dir:C:\Users\daadh\booki\frontend\src\Users\daadh\AppData\Roaming\npm-cache\_logs\2025-03-16T21_56_13_361Z-
26 verbose logfile C:\Users\daadh\booki\frontend\src\Users\daadh\AppData\Roaming\npm-cache\_logs\2025-03-16T21_56_13_361Z-debug-0.log
27 timing npm:load:logFile Completed in 12ms
28 timing npm:load:timers Completed in 0ms
29 timing npm:load:configScope Completed in 0ms
30 timing npm:load Completed in 67ms
31 silly logfile done cleaning log files
32 timing command:run-script Completed in 366ms
33 timing command:start Completed in 388ms
34 verbose stack JSONParseError: Invalid package.json: JSONParseError: Expected double-quoted property name in JSON at position 376 (line 14 column 1) while parsing '{
34 verbose stack   "name": "frontend",
34 verbose stack   "version": "'
34 verbose stack     at PackageJson.fromJSON (C:\Program Files\nodejs\node_modules\npm\node_modules\@npmcli\package-json\lib\index.js:162:24)
34 verbose stack     at PackageJson.load (C:\Program Files\nodejs\node_modules\npm\node_modules\@npmcli\package-json\lib\index.js:156:17)
34 verbose stack     at async PackageJson.normalize (C:\Program Files\nodejs\node_modules\npm\node_modules\@npmcli\package-json\lib\index.js:115:5)
34 verbose stack     at async RunScript.run (C:\Program Files\nodejs\node_modules\npm\lib\commands\run-script.js:72:27)
34 verbose stack     at async module.exports (C:\Program Files\nodejs\node_modules\npm\lib\cli-entry.js:61:5)
35 verbose cwd C:\Users\daadh\booki\frontend\src
36 verbose Windows_NT 10.0.22631
37 verbose node v21.6.2
38 verbose npm  v10.2.4
39 error code EJSONPARSE
40 error JSON.parse Invalid package.json: JSONParseError: Expected double-quoted property name in JSON at position 376 (line 14 column 1) while parsing '{
40 error JSON.parse   "name": "frontend",
40 error JSON.parse   "version": "'
41 error JSON.parse Failed to parse JSON data.
41 error JSON.parse Note: package.json must be actual JSON, not just JavaScript.
42 verbose exit 1
43 timing npm Completed in 550ms
44 verbose code 1
45 error A complete log of this run can be found in: C:\Users\daadh\booki\frontend\src\Users\daadh\AppData\Roaming\npm-cache\_logs\2025-03-16T21_56_13_361Z-debug-0.log
