0 verbose cli C:\Program Files\nodejs\node.exe C:\Program Files\nodejs\node_modules\npm\bin\npm-cli.js
1 info using npm@10.2.4
2 info using node@v21.6.2
3 timing npm:load:whichnode Completed in 3ms
4 timing config:load:defaults Completed in 4ms
5 timing config:load:file:C:\Program Files\nodejs\node_modules\npm\npmrc Completed in 12ms
6 timing config:load:builtin Completed in 13ms
7 timing config:load:cli Completed in 2ms
8 timing config:load:env Completed in 1ms
9 timing config:load:file:C:\Users\daadh\booki\frontend\.npmrc Completed in 1ms
10 timing config:load:project Completed in 11ms
11 timing config:load:file:C:\Users\daadh\.npmrc Completed in 0ms
12 timing config:load:user Completed in 0ms
13 timing config:load:file:C:\Users\daadh\AppData\Roaming\npm\etc\npmrc Completed in 1ms
14 timing config:load:global Completed in 2ms
15 timing config:load:setEnvs Completed in 2ms
16 timing config:load Completed in 37ms
17 timing npm:load:configload Completed in 37ms
18 timing config:load:flatten Completed in 8ms
19 timing npm:load:mkdirpcache Completed in 1ms
20 timing npm:load:mkdirplogs Completed in 0ms
21 verbose title npm start
22 verbose argv "start"
23 timing npm:load:setTitle Completed in 2ms
24 timing npm:load:display Completed in 0ms
25 verbose logfile logs-max:10 dir:C:\Users\daadh\booki\frontend\src\Users\daadh\AppData\Roaming\npm-cache\_logs\2025-03-16T02_23_36_885Z-
26 verbose logfile C:\Users\daadh\booki\frontend\src\Users\daadh\AppData\Roaming\npm-cache\_logs\2025-03-16T02_23_36_885Z-debug-0.log
27 timing npm:load:logFile Completed in 21ms
28 timing npm:load:timers Completed in 0ms
29 timing npm:load:configScope Completed in 0ms
30 timing npm:load Completed in 139ms
31 silly logfile done cleaning log files
32 http fetch GET 200 https://registry.npmjs.org/npm 2694ms (cache miss)
33 http fetch GET 200 https://registry.npmjs.org/npm 2768ms (cache miss)
34 timing command:run-script Completed in 82246ms
35 timing command:start Completed in 82292ms
36 notice
36 notice New [31mmajor[39m version of npm available! [31m10.2.4[39m -> [32m11.2.0[39m
36 notice Changelog: [36mhttps://github.com/npm/cli/releases/tag/v11.2.0[39m
36 notice Run [32mnpm install -g npm@11.2.0[39m to update!
36 notice
37 verbose exit 3221225786
38 timing npm Completed in 82628ms
39 verbose code 3221225786
